[2019-10-16 10:29:46]	Cannot open file 
[2019-10-16 10:29:46]	.\file\ICTCLAS2019\Data\KeyBlackList.pdat
[2019-10-16 10:43:08]	Cannot open file 
[2019-10-16 10:43:08]	.\file\ICTCLAS2019\Data\KeyBlackList.pdat
[2019-10-16 10:55:04]	Cannot open file 
[2019-10-16 10:55:04]	.\file\ICTCLAS2019\Data\KeyBlackList.pdat
[2019-10-16 14:29:50]	Cannot open file 
[2019-10-16 14:29:50]	.\file\ICTCLAS2019\Data\KeyBlackList.pdat
[2019-10-16 14:29:50]	Error read file
[2019-10-16 14:29:50]	.\file\Dictionary\自定义分词词典\分词表扩展.txt
[2019-10-16 14:32:29]	Cannot open file 
[2019-10-16 14:32:29]	.\file\ICTCLAS2019\Data\KeyBlackList.pdat
[2019-10-16 14:32:50]	Error read file
[2019-10-16 14:32:50]	.\file\Dictionary\自定义分词词典\分词表扩展.txt
[2019-10-16 14:36:50]	Cannot open file 
[2019-10-16 14:36:50]	.\file\ICTCLAS2019\Data\KeyBlackList.pdat
[2019-10-16 14:36:50]	In NLPIR_ImportUserDict Read file failed!
[2019-10-16 14:36:50]	.\file\Dictionary\自定义分词词典\分词表扩展.txt
[2019-10-16 14:37:39]	Cannot open file 
[2019-10-16 14:37:39]	.\file\ICTCLAS2019\Data\KeyBlackList.pdat
[2019-10-16 14:37:39]	In NLPIR_ImportUserDict Read file failed!
[2019-10-16 14:37:39]	.\file\Dictionary\自定义分词词典\分词表扩展.txt
[2019-10-16 14:38:04]	Cannot open file 
[2019-10-16 14:38:04]	.\file\ICTCLAS2019\Data\KeyBlackList.pdat
[2019-10-16 14:38:04]	Error read file
[2019-10-16 14:38:04]	.\file\Dictionary\自定义分词词典\分词表扩展.txt
[2019-10-16 14:38:55]	Cannot open file 
[2019-10-16 14:38:55]	.\file\ICTCLAS2019\Data\KeyBlackList.pdat
[2019-10-16 14:38:56]	Error read file
[2019-10-16 14:38:56]	.\file\Dictionary\自定义分词词典\分词表扩展.txt
[2019-10-16 14:38:56]	Error read file
[2019-10-16 14:38:56]	.\file\Dictionary\自定义分词词典\分词表扩展.txt
[2019-10-16 14:39:26]	Cannot open file 
[2019-10-16 14:39:26]	.\file\ICTCLAS2019\Data\KeyBlackList.pdat
[2019-10-16 14:39:26]	Error read file
[2019-10-16 14:39:26]	.\file\Dictionary\自定义分词词典\分词表扩展.txt
[2019-10-16 14:39:26]	Error read file
[2019-10-16 14:39:26]	.\file\Dictionary\自定义分词词典\分词表扩展.txt
[2019-10-16 14:41:06]	Cannot open file 
[2019-10-16 14:41:06]	.\file\ICTCLAS2019\Data\KeyBlackList.pdat
[2019-10-16 14:41:19]	Error read file
[2019-10-16 14:41:19]	.\file\Dictionary\自定义分词词典\分词表扩展.txt
[2019-10-16 14:41:55]	Error read file
[2019-10-16 14:41:55]	.\file\Dictionary\自定义分词词典\分词表扩展.txt
[2019-10-16 14:42:30]	Cannot open file 
[2019-10-16 14:42:30]	.\file\ICTCLAS2019\Data\KeyBlackList.pdat
[2019-10-16 14:42:30]	Error read file
[2019-10-16 14:42:30]	.\file\Dictionary\自定义分词词典\分词表扩展.txt
[2019-10-16 14:42:30]	Error read file
[2019-10-16 14:42:30]	.\file\Dictionary\自定义分词词典\分词表扩展.txt
[2019-10-16 15:05:59]	Cannot open file 
[2019-10-16 15:05:59]	.\file\ICTCLAS2019\Data\KeyBlackList.pdat
[2019-10-16 15:05:59]	Error read file
[2019-10-16 15:05:59]	.\file\Dictionary\自定义分词词典\分词表扩展.txt
[2019-10-16 15:05:59]	Error read file
[2019-10-16 15:05:59]	.\file\Dictionary\自定义分词词典\分词表扩展.txt
[2019-10-16 15:06:10]	Cannot open file 
[2019-10-16 15:06:10]	.\file\ICTCLAS2019\Data\KeyBlackList.pdat
[2019-10-16 15:06:10]	Error read file
[2019-10-16 15:06:10]	.\file\Dictionary\自定义分词词典\分词表扩展.txt
[2019-10-16 15:06:11]	Error read file
[2019-10-16 15:06:11]	.\file\Dictionary\自定义分词词典\分词表扩展.txt
[2019-10-16 15:07:55]	Cannot open file 
[2019-10-16 15:07:55]	.\file\ICTCLAS2019\Data\KeyBlackList.pdat
[2019-10-16 15:07:55]	Error read file
[2019-10-16 15:07:55]	.\file\Dictionary\自定义分词词典\分词表扩展.txt
[2019-10-16 15:08:19]	Cannot open file 
[2019-10-16 15:08:19]	.\file\ICTCLAS2019\Data\KeyBlackList.pdat
[2019-10-16 15:08:19]	Error read file
[2019-10-16 15:08:19]	.\file\Dictionary\自定义分词词典\分词表扩展.txt
[2019-10-16 15:10:16]	Cannot open file 
[2019-10-16 15:10:16]	.\file\ICTCLAS2019\Data\KeyBlackList.pdat
[2019-10-16 15:10:16]	Error read file
[2019-10-16 15:10:16]	.\file\Dictionary\自定义分词词典\分词表扩展.txt
[2019-10-16 15:13:47]	Cannot open file 
[2019-10-16 15:13:47]	.\file\ICTCLAS2019\Data\KeyBlackList.pdat
[2019-10-16 15:13:47]	Error read file
[2019-10-16 15:13:47]	.\file\Dictionary\自定义分词词典\分词表扩展.txt
[2019-10-16 15:14:26]	Cannot open file 
[2019-10-16 15:14:26]	.\file\ICTCLAS2019\Data\KeyBlackList.pdat
[2019-10-16 15:14:26]	Error read file
[2019-10-16 15:14:26]	.\file\Dictionary\自定义分词词典\分词表扩展.txt
[2019-10-16 15:15:18]	Cannot open file 
[2019-10-16 15:15:18]	.\file\ICTCLAS2019\Data\KeyBlackList.pdat
[2019-10-16 15:15:18]	Error read file
[2019-10-16 15:15:18]	.\file\Dictionary\自定义分词词典\分词表扩展.txt
[2019-10-16 15:15:44]	Cannot open file 
[2019-10-16 15:15:44]	.\file\ICTCLAS2019\Data\KeyBlackList.pdat
[2019-10-16 15:15:44]	Error read file
[2019-10-16 15:15:44]	.\file\Dictionary\自定义分词词典\分词表扩展.txt
[2019-10-16 15:29:13]	Cannot open file 
[2019-10-16 15:29:13]	.\file\ICTCLAS2019\Data\KeyBlackList.pdat
[2019-10-16 15:29:13]	Error read file
[2019-10-16 15:29:13]	.\file\Dictionary\自定义分词词典\分词表扩展.txt
[2019-10-16 16:00:32]	Cannot open file 
[2019-10-16 16:00:32]	.\file\ICTCLAS2019\Data\KeyBlackList.pdat
[2019-10-16 16:00:32]	Error read file
[2019-10-16 16:00:32]	.\file\Dictionary\自定义分词词典\分词表扩展.txt
[2019-10-16 16:00:56]	Cannot open file 
[2019-10-16 16:00:56]	.\file\ICTCLAS2019\Data\KeyBlackList.pdat
[2019-10-16 16:00:56]	Error read file
[2019-10-16 16:00:56]	.\file\Dictionary\自定义分词词典\分词表扩展.txt
[2019-10-16 16:04:24]	Cannot open file 
[2019-10-16 16:04:24]	.\file\ICTCLAS2019\Data\KeyBlackList.pdat
[2019-10-16 16:04:24]	Error read file
[2019-10-16 16:04:24]	.\file\Dictionary\自定义分词词典\分词表扩展.txt
[2019-10-16 16:27:21]	Cannot open file 
[2019-10-16 16:27:21]	.\file\ICTCLAS2019\Data\KeyBlackList.pdat
[2019-10-16 16:27:22]	Error read file
[2019-10-16 16:27:22]	.\file\Dictionary\自定义分词词典\分词表扩展.txt
[2019-10-16 16:28:00]	Cannot open file 
[2019-10-16 16:28:00]	.\file\ICTCLAS2019\Data\KeyBlackList.pdat
[2019-10-16 16:28:00]	Error read file
[2019-10-16 16:28:00]	.\file\Dictionary\自定义分词词典\分词表扩展.txt
[2019-10-16 19:48:18]	Cannot open file 
[2019-10-16 19:48:18]	.\file\ICTCLAS2019\Data\KeyBlackList.pdat
[2019-10-16 19:48:19]	Error read file
[2019-10-16 19:48:19]	.\file\Dictionary\自定义分词词典\分词表扩展.txt
[2019-10-16 20:54:41]	Cannot open file 
[2019-10-16 20:54:41]	.\file\ICTCLAS2019\Data\KeyBlackList.pdat
[2019-10-16 20:56:02]	Cannot open file 
[2019-10-16 20:56:02]	.\file\ICTCLAS2019\Data\KeyBlackList.pdat
[2019-10-16 21:05:54]	Cannot open file 
[2019-10-16 21:05:54]	.\file\ICTCLAS2019\Data\KeyBlackList.pdat
[2019-10-16 21:05:54]	Error read file
[2019-10-16 21:05:54]	.\file\Dictionary\自定义分词词典\分词表扩展.txt
[2019-10-16 21:07:09]	Cannot open file 
[2019-10-16 21:07:09]	.\file\ICTCLAS2019\Data\KeyBlackList.pdat
[2019-10-16 21:07:09]	Error read file
[2019-10-16 21:07:09]	.\file\Dictionary\自定义分词词典\分词表扩展.txt
[2019-10-16 21:07:44]	Cannot open file 
[2019-10-16 21:07:44]	.\file\ICTCLAS2019\Data\KeyBlackList.pdat
[2019-10-16 21:07:44]	Error read file
[2019-10-16 21:07:44]	.\file\Dictionary\自定义分词词典\分词表扩展.txt
[2019-10-16 21:10:19]	Cannot open file 
[2019-10-16 21:10:19]	.\file\ICTCLAS2019\Data\KeyBlackList.pdat
[2019-10-16 21:13:02]	Cannot open file 
[2019-10-16 21:13:02]	.\file\ICTCLAS2019\Data\KeyBlackList.pdat
